fsitgl-hpc101p
/mnt/projects/RAS-CompChem/static/Mayukh/FNLGMD
Before
classes initialized
population initialized
Population evaluated
epoch #0
Encoding  50  molecules
1  batches of smiles
Encoding took  4.657632827758789  seconds
Optimizing
Population_size after selection  35
Crossover beginning population size:  35
Number of children:  35  length of total population:  70
Decoding  70  molecules
/mnt/projects/RAS-CompChem/static/Mayukh/FNLGMD/source/generative_networks/JTNN.py:115: SettingWithCopyWarning: 
A value is trying to be set on a copy of a slice from a DataFrame

See the caveats in the documentation: https://pandas.pydata.org/pandas-docs/stable/user_guide/indexing.html#returning-a-view-versus-a-copy
  population['parent1_id'].iloc[idx] = population['compound_id'].iloc[idx]
/mnt/projects/RAS-CompChem/static/Mayukh/FNLGMD/source/generative_networks/JTNN.py:116: SettingWithCopyWarning: 
A value is trying to be set on a copy of a slice from a DataFrame

See the caveats in the documentation: https://pandas.pydata.org/pandas-docs/stable/user_guide/indexing.html#returning-a-view-versus-a-copy
  population['parent2_id'].iloc[idx] = np.nan
/mnt/projects/RAS-CompChem/static/Mayukh/FNLGMD/source/generative_networks/JTNN.py:117: SettingWithCopyWarning: 
A value is trying to be set on a copy of a slice from a DataFrame

See the caveats in the documentation: https://pandas.pydata.org/pandas-docs/stable/user_guide/indexing.html#returning-a-view-versus-a-copy
  population['smiles'].iloc[idx] = np.nan
/mnt/projects/RAS-CompChem/static/Mayukh/FNLGMD/source/generative_networks/JTNN.py:118: SettingWithCopyWarning: 
A value is trying to be set on a copy of a slice from a DataFrame

See the caveats in the documentation: https://pandas.pydata.org/pandas-docs/stable/user_guide/indexing.html#returning-a-view-versus-a-copy
  population['fitness'].iloc[idx] = np.nan
/mnt/projects/RAS-CompChem/static/Mayukh/FNLGMD/source/generative_networks/JTNN.py:119: SettingWithCopyWarning: 
A value is trying to be set on a copy of a slice from a DataFrame

See the caveats in the documentation: https://pandas.pydata.org/pandas-docs/stable/user_guide/indexing.html#returning-a-view-versus-a-copy
  population['compound_id'].iloc[idx] = np.nan
/mnt/projects/RAS-CompChem/static/Mayukh/FNLGMD/source/generative_networks/JTNN.py:121: SettingWithCopyWarning: 
A value is trying to be set on a copy of a slice from a DataFrame

See the caveats in the documentation: https://pandas.pydata.org/pandas-docs/stable/user_guide/indexing.html#returning-a-view-versus-a-copy
  population['chromosome'].iloc[idx] = chromosome
/mnt/projects/RAS-CompChem/static/Mayukh/FNLGMD/source/generative_networks/JTNN.py:115: SettingWithCopyWarning: 
A value is trying to be set on a copy of a slice from a DataFrame

See the caveats in the documentation: https://pandas.pydata.org/pandas-docs/stable/user_guide/indexing.html#returning-a-view-versus-a-copy
  population['parent1_id'].iloc[idx] = population['compound_id'].iloc[idx]
/mnt/projects/RAS-CompChem/static/Mayukh/FNLGMD/source/generative_networks/JTNN.py:116: SettingWithCopyWarning: 
A value is trying to be set on a copy of a slice from a DataFrame

See the caveats in the documentation: https://pandas.pydata.org/pandas-docs/stable/user_guide/indexing.html#returning-a-view-versus-a-copy
  population['parent2_id'].iloc[idx] = np.nan
/mnt/projects/RAS-CompChem/static/Mayukh/FNLGMD/source/generative_networks/JTNN.py:117: SettingWithCopyWarning: 
A value is trying to be set on a copy of a slice from a DataFrame

See the caveats in the documentation: https://pandas.pydata.org/pandas-docs/stable/user_guide/indexing.html#returning-a-view-versus-a-copy
  population['smiles'].iloc[idx] = np.nan
/mnt/projects/RAS-CompChem/static/Mayukh/FNLGMD/source/generative_networks/JTNN.py:118: SettingWithCopyWarning: 
A value is trying to be set on a copy of a slice from a DataFrame

See the caveats in the documentation: https://pandas.pydata.org/pandas-docs/stable/user_guide/indexing.html#returning-a-view-versus-a-copy
  population['fitness'].iloc[idx] = np.nan
/mnt/projects/RAS-CompChem/static/Mayukh/FNLGMD/source/generative_networks/JTNN.py:119: SettingWithCopyWarning: 
A value is trying to be set on a copy of a slice from a DataFrame

See the caveats in the documentation: https://pandas.pydata.org/pandas-docs/stable/user_guide/indexing.html#returning-a-view-versus-a-copy
  population['compound_id'].iloc[idx] = np.nan
/mnt/projects/RAS-CompChem/static/Mayukh/FNLGMD/source/generative_networks/JTNN.py:121: SettingWithCopyWarning: 
A value is trying to be set on a copy of a slice from a DataFrame

See the caveats in the documentation: https://pandas.pydata.org/pandas-docs/stable/user_guide/indexing.html#returning-a-view-versus-a-copy
  population['chromosome'].iloc[idx] = chromosome
/mnt/projects/RAS-CompChem/static/Mayukh/FNLGMD/source/generative_networks/JTNN.py:115: SettingWithCopyWarning: 
A value is trying to be set on a copy of a slice from a DataFrame

See the caveats in the documentation: https://pandas.pydata.org/pandas-docs/stable/user_guide/indexing.html#returning-a-view-versus-a-copy
  population['parent1_id'].iloc[idx] = population['compound_id'].iloc[idx]
/mnt/projects/RAS-CompChem/static/Mayukh/FNLGMD/source/generative_networks/JTNN.py:116: SettingWithCopyWarning: 
A value is trying to be set on a copy of a slice from a DataFrame

See the caveats in the documentation: https://pandas.pydata.org/pandas-docs/stable/user_guide/indexing.html#returning-a-view-versus-a-copy
  population['parent2_id'].iloc[idx] = np.nan
/mnt/projects/RAS-CompChem/static/Mayukh/FNLGMD/source/generative_networks/JTNN.py:117: SettingWithCopyWarning: 
A value is trying to be set on a copy of a slice from a DataFrame

See the caveats in the documentation: https://pandas.pydata.org/pandas-docs/stable/user_guide/indexing.html#returning-a-view-versus-a-copy
  population['smiles'].iloc[idx] = np.nan
/mnt/projects/RAS-CompChem/static/Mayukh/FNLGMD/source/generative_networks/JTNN.py:118: SettingWithCopyWarning: 
A value is trying to be set on a copy of a slice from a DataFrame

See the caveats in the documentation: https://pandas.pydata.org/pandas-docs/stable/user_guide/indexing.html#returning-a-view-versus-a-copy
  population['fitness'].iloc[idx] = np.nan
/mnt/projects/RAS-CompChem/static/Mayukh/FNLGMD/source/generative_networks/JTNN.py:119: SettingWithCopyWarning: 
A value is trying to be set on a copy of a slice from a DataFrame

See the caveats in the documentation: https://pandas.pydata.org/pandas-docs/stable/user_guide/indexing.html#returning-a-view-versus-a-copy
  population['compound_id'].iloc[idx] = np.nan
/mnt/projects/RAS-CompChem/static/Mayukh/FNLGMD/source/generative_networks/JTNN.py:121: SettingWithCopyWarning: 
A value is trying to be set on a copy of a slice from a DataFrame

See the caveats in the documentation: https://pandas.pydata.org/pandas-docs/stable/user_guide/indexing.html#returning-a-view-versus-a-copy
  population['chromosome'].iloc[idx] = chromosome
/mnt/projects/RAS-CompChem/static/Mayukh/FNLGMD/source/generative_networks/JTNN.py:115: SettingWithCopyWarning: 
A value is trying to be set on a copy of a slice from a DataFrame

See the caveats in the documentation: https://pandas.pydata.org/pandas-docs/stable/user_guide/indexing.html#returning-a-view-versus-a-copy
  population['parent1_id'].iloc[idx] = population['compound_id'].iloc[idx]
/mnt/projects/RAS-CompChem/static/Mayukh/FNLGMD/source/generative_networks/JTNN.py:116: SettingWithCopyWarning: 
A value is trying to be set on a copy of a slice from a DataFrame

See the caveats in the documentation: https://pandas.pydata.org/pandas-docs/stable/user_guide/indexing.html#returning-a-view-versus-a-copy
  population['parent2_id'].iloc[idx] = np.nan
/mnt/projects/RAS-CompChem/static/Mayukh/FNLGMD/source/generative_networks/JTNN.py:117: SettingWithCopyWarning: 
A value is trying to be set on a copy of a slice from a DataFrame

See the caveats in the documentation: https://pandas.pydata.org/pandas-docs/stable/user_guide/indexing.html#returning-a-view-versus-a-copy
  population['smiles'].iloc[idx] = np.nan
/mnt/projects/RAS-CompChem/static/Mayukh/FNLGMD/source/generative_networks/JTNN.py:118: SettingWithCopyWarning: 
A value is trying to be set on a copy of a slice from a DataFrame

See the caveats in the documentation: https://pandas.pydata.org/pandas-docs/stable/user_guide/indexing.html#returning-a-view-versus-a-copy
  population['fitness'].iloc[idx] = np.nan
/mnt/projects/RAS-CompChem/static/Mayukh/FNLGMD/source/generative_networks/JTNN.py:119: SettingWithCopyWarning: 
A value is trying to be set on a copy of a slice from a DataFrame

See the caveats in the documentation: https://pandas.pydata.org/pandas-docs/stable/user_guide/indexing.html#returning-a-view-versus-a-copy
  population['compound_id'].iloc[idx] = np.nan
/mnt/projects/RAS-CompChem/static/Mayukh/FNLGMD/source/generative_networks/JTNN.py:121: SettingWithCopyWarning: 
A value is trying to be set on a copy of a slice from a DataFrame

See the caveats in the documentation: https://pandas.pydata.org/pandas-docs/stable/user_guide/indexing.html#returning-a-view-versus-a-copy
  population['chromosome'].iloc[idx] = chromosome
/mnt/projects/RAS-CompChem/static/Mayukh/FNLGMD/source/generative_networks/JTNN.py:115: SettingWithCopyWarning: 
A value is trying to be set on a copy of a slice from a DataFrame

See the caveats in the documentation: https://pandas.pydata.org/pandas-docs/stable/user_guide/indexing.html#returning-a-view-versus-a-copy
  population['parent1_id'].iloc[idx] = population['compound_id'].iloc[idx]
/mnt/projects/RAS-CompChem/static/Mayukh/FNLGMD/source/generative_networks/JTNN.py:116: SettingWithCopyWarning: 
A value is trying to be set on a copy of a slice from a DataFrame

See the caveats in the documentation: https://pandas.pydata.org/pandas-docs/stable/user_guide/indexing.html#returning-a-view-versus-a-copy
  population['parent2_id'].iloc[idx] = np.nan
/mnt/projects/RAS-CompChem/static/Mayukh/FNLGMD/source/generative_networks/JTNN.py:117: SettingWithCopyWarning: 
A value is trying to be set on a copy of a slice from a DataFrame

See the caveats in the documentation: https://pandas.pydata.org/pandas-docs/stable/user_guide/indexing.html#returning-a-view-versus-a-copy
  population['smiles'].iloc[idx] = np.nan
/mnt/projects/RAS-CompChem/static/Mayukh/FNLGMD/source/generative_networks/JTNN.py:118: SettingWithCopyWarning: 
A value is trying to be set on a copy of a slice from a DataFrame

See the caveats in the documentation: https://pandas.pydata.org/pandas-docs/stable/user_guide/indexing.html#returning-a-view-versus-a-copy
  population['fitness'].iloc[idx] = np.nan
/mnt/projects/RAS-CompChem/static/Mayukh/FNLGMD/source/generative_networks/JTNN.py:119: SettingWithCopyWarning: 
A value is trying to be set on a copy of a slice from a DataFrame

See the caveats in the documentation: https://pandas.pydata.org/pandas-docs/stable/user_guide/indexing.html#returning-a-view-versus-a-copy
  population['compound_id'].iloc[idx] = np.nan
/mnt/projects/RAS-CompChem/static/Mayukh/FNLGMD/source/generative_networks/JTNN.py:121: SettingWithCopyWarning: 
A value is trying to be set on a copy of a slice from a DataFrame

See the caveats in the documentation: https://pandas.pydata.org/pandas-docs/stable/user_guide/indexing.html#returning-a-view-versus-a-copy
  population['chromosome'].iloc[idx] = chromosome
/mnt/projects/RAS-CompChem/static/Mayukh/FNLGMD/source/generative_networks/JTNN.py:115: SettingWithCopyWarning: 
A value is trying to be set on a copy of a slice from a DataFrame

See the caveats in the documentation: https://pandas.pydata.org/pandas-docs/stable/user_guide/indexing.html#returning-a-view-versus-a-copy
  population['parent1_id'].iloc[idx] = population['compound_id'].iloc[idx]
/mnt/projects/RAS-CompChem/static/Mayukh/FNLGMD/source/generative_networks/JTNN.py:116: SettingWithCopyWarning: 
A value is trying to be set on a copy of a slice from a DataFrame

See the caveats in the documentation: https://pandas.pydata.org/pandas-docs/stable/user_guide/indexing.html#returning-a-view-versus-a-copy
  population['parent2_id'].iloc[idx] = np.nan
/mnt/projects/RAS-CompChem/static/Mayukh/FNLGMD/source/generative_networks/JTNN.py:117: SettingWithCopyWarning: 
A value is trying to be set on a copy of a slice from a DataFrame

See the caveats in the documentation: https://pandas.pydata.org/pandas-docs/stable/user_guide/indexing.html#returning-a-view-versus-a-copy
  population['smiles'].iloc[idx] = np.nan
/mnt/projects/RAS-CompChem/static/Mayukh/FNLGMD/source/generative_networks/JTNN.py:118: SettingWithCopyWarning: 
A value is trying to be set on a copy of a slice from a DataFrame

See the caveats in the documentation: https://pandas.pydata.org/pandas-docs/stable/user_guide/indexing.html#returning-a-view-versus-a-copy
  population['fitness'].iloc[idx] = np.nan
/mnt/projects/RAS-CompChem/static/Mayukh/FNLGMD/source/generative_networks/JTNN.py:119: SettingWithCopyWarning: 
A value is trying to be set on a copy of a slice from a DataFrame

See the caveats in the documentation: https://pandas.pydata.org/pandas-docs/stable/user_guide/indexing.html#returning-a-view-versus-a-copy
  population['compound_id'].iloc[idx] = np.nan
/mnt/projects/RAS-CompChem/static/Mayukh/FNLGMD/source/generative_networks/JTNN.py:121: SettingWithCopyWarning: 
A value is trying to be set on a copy of a slice from a DataFrame

See the caveats in the documentation: https://pandas.pydata.org/pandas-docs/stable/user_guide/indexing.html#returning-a-view-versus-a-copy
  population['chromosome'].iloc[idx] = chromosome
/mnt/projects/RAS-CompChem/static/Mayukh/FNLGMD/source/generative_networks/JTNN.py:115: SettingWithCopyWarning: 
A value is trying to be set on a copy of a slice from a DataFrame

See the caveats in the documentation: https://pandas.pydata.org/pandas-docs/stable/user_guide/indexing.html#returning-a-view-versus-a-copy
  population['parent1_id'].iloc[idx] = population['compound_id'].iloc[idx]
/mnt/projects/RAS-CompChem/static/Mayukh/FNLGMD/source/generative_networks/JTNN.py:116: SettingWithCopyWarning: 
A value is trying to be set on a copy of a slice from a DataFrame

See the caveats in the documentation: https://pandas.pydata.org/pandas-docs/stable/user_guide/indexing.html#returning-a-view-versus-a-copy
  population['parent2_id'].iloc[idx] = np.nan
/mnt/projects/RAS-CompChem/static/Mayukh/FNLGMD/source/generative_networks/JTNN.py:117: SettingWithCopyWarning: 
A value is trying to be set on a copy of a slice from a DataFrame

See the caveats in the documentation: https://pandas.pydata.org/pandas-docs/stable/user_guide/indexing.html#returning-a-view-versus-a-copy
  population['smiles'].iloc[idx] = np.nan
/mnt/projects/RAS-CompChem/static/Mayukh/FNLGMD/source/generative_networks/JTNN.py:118: SettingWithCopyWarning: 
A value is trying to be set on a copy of a slice from a DataFrame

See the caveats in the documentation: https://pandas.pydata.org/pandas-docs/stable/user_guide/indexing.html#returning-a-view-versus-a-copy
  population['fitness'].iloc[idx] = np.nan
/mnt/projects/RAS-CompChem/static/Mayukh/FNLGMD/source/generative_networks/JTNN.py:119: SettingWithCopyWarning: 
A value is trying to be set on a copy of a slice from a DataFrame

See the caveats in the documentation: https://pandas.pydata.org/pandas-docs/stable/user_guide/indexing.html#returning-a-view-versus-a-copy
  population['compound_id'].iloc[idx] = np.nan
/mnt/projects/RAS-CompChem/static/Mayukh/FNLGMD/source/generative_networks/JTNN.py:121: SettingWithCopyWarning: 
A value is trying to be set on a copy of a slice from a DataFrame

See the caveats in the documentation: https://pandas.pydata.org/pandas-docs/stable/user_guide/indexing.html#returning-a-view-versus-a-copy
  population['chromosome'].iloc[idx] = chromosome
/mnt/projects/RAS-CompChem/static/Mayukh/FNLGMD/source/generative_networks/JTNN.py:115: SettingWithCopyWarning: 
A value is trying to be set on a copy of a slice from a DataFrame

See the caveats in the documentation: https://pandas.pydata.org/pandas-docs/stable/user_guide/indexing.html#returning-a-view-versus-a-copy
  population['parent1_id'].iloc[idx] = population['compound_id'].iloc[idx]
/mnt/projects/RAS-CompChem/static/Mayukh/FNLGMD/source/generative_networks/JTNN.py:116: SettingWithCopyWarning: 
A value is trying to be set on a copy of a slice from a DataFrame

See the caveats in the documentation: https://pandas.pydata.org/pandas-docs/stable/user_guide/indexing.html#returning-a-view-versus-a-copy
  population['parent2_id'].iloc[idx] = np.nan
/mnt/projects/RAS-CompChem/static/Mayukh/FNLGMD/source/generative_networks/JTNN.py:117: SettingWithCopyWarning: 
A value is trying to be set on a copy of a slice from a DataFrame

See the caveats in the documentation: https://pandas.pydata.org/pandas-docs/stable/user_guide/indexing.html#returning-a-view-versus-a-copy
  population['smiles'].iloc[idx] = np.nan
/mnt/projects/RAS-CompChem/static/Mayukh/FNLGMD/source/generative_networks/JTNN.py:118: SettingWithCopyWarning: 
A value is trying to be set on a copy of a slice from a DataFrame

See the caveats in the documentation: https://pandas.pydata.org/pandas-docs/stable/user_guide/indexing.html#returning-a-view-versus-a-copy
  population['fitness'].iloc[idx] = np.nan
/mnt/projects/RAS-CompChem/static/Mayukh/FNLGMD/source/generative_networks/JTNN.py:119: SettingWithCopyWarning: 
A value is trying to be set on a copy of a slice from a DataFrame

See the caveats in the documentation: https://pandas.pydata.org/pandas-docs/stable/user_guide/indexing.html#returning-a-view-versus-a-copy
  population['compound_id'].iloc[idx] = np.nan
/mnt/projects/RAS-CompChem/static/Mayukh/FNLGMD/source/generative_networks/JTNN.py:121: SettingWithCopyWarning: 
A value is trying to be set on a copy of a slice from a DataFrame

See the caveats in the documentation: https://pandas.pydata.org/pandas-docs/stable/user_guide/indexing.html#returning-a-view-versus-a-copy
  population['chromosome'].iloc[idx] = chromosome
/mnt/projects/RAS-CompChem/static/Mayukh/FNLGMD/source/generative_networks/JTNN.py:115: SettingWithCopyWarning: 
A value is trying to be set on a copy of a slice from a DataFrame

See the caveats in the documentation: https://pandas.pydata.org/pandas-docs/stable/user_guide/indexing.html#returning-a-view-versus-a-copy
  population['parent1_id'].iloc[idx] = population['compound_id'].iloc[idx]
/mnt/projects/RAS-CompChem/static/Mayukh/FNLGMD/source/generative_networks/JTNN.py:116: SettingWithCopyWarning: 
A value is trying to be set on a copy of a slice from a DataFrame

See the caveats in the documentation: https://pandas.pydata.org/pandas-docs/stable/user_guide/indexing.html#returning-a-view-versus-a-copy
  population['parent2_id'].iloc[idx] = np.nan
/mnt/projects/RAS-CompChem/static/Mayukh/FNLGMD/source/generative_networks/JTNN.py:117: SettingWithCopyWarning: 
A value is trying to be set on a copy of a slice from a DataFrame

See the caveats in the documentation: https://pandas.pydata.org/pandas-docs/stable/user_guide/indexing.html#returning-a-view-versus-a-copy
  population['smiles'].iloc[idx] = np.nan
/mnt/projects/RAS-CompChem/static/Mayukh/FNLGMD/source/generative_networks/JTNN.py:118: SettingWithCopyWarning: 
A value is trying to be set on a copy of a slice from a DataFrame

See the caveats in the documentation: https://pandas.pydata.org/pandas-docs/stable/user_guide/indexing.html#returning-a-view-versus-a-copy
  population['fitness'].iloc[idx] = np.nan
/mnt/projects/RAS-CompChem/static/Mayukh/FNLGMD/source/generative_networks/JTNN.py:119: SettingWithCopyWarning: 
A value is trying to be set on a copy of a slice from a DataFrame

See the caveats in the documentation: https://pandas.pydata.org/pandas-docs/stable/user_guide/indexing.html#returning-a-view-versus-a-copy
  population['compound_id'].iloc[idx] = np.nan
/mnt/projects/RAS-CompChem/static/Mayukh/FNLGMD/source/generative_networks/JTNN.py:121: SettingWithCopyWarning: 
A value is trying to be set on a copy of a slice from a DataFrame

See the caveats in the documentation: https://pandas.pydata.org/pandas-docs/stable/user_guide/indexing.html#returning-a-view-versus-a-copy
  population['chromosome'].iloc[idx] = chromosome
/mnt/projects/RAS-CompChem/static/Mayukh/FNLGMD/source/generative_networks/JTNN.py:115: SettingWithCopyWarning: 
A value is trying to be set on a copy of a slice from a DataFrame

See the caveats in the documentation: https://pandas.pydata.org/pandas-docs/stable/user_guide/indexing.html#returning-a-view-versus-a-copy
  population['parent1_id'].iloc[idx] = population['compound_id'].iloc[idx]
/mnt/projects/RAS-CompChem/static/Mayukh/FNLGMD/source/generative_networks/JTNN.py:116: SettingWithCopyWarning: 
A value is trying to be set on a copy of a slice from a DataFrame

See the caveats in the documentation: https://pandas.pydata.org/pandas-docs/stable/user_guide/indexing.html#returning-a-view-versus-a-copy
  population['parent2_id'].iloc[idx] = np.nan
/mnt/projects/RAS-CompChem/static/Mayukh/FNLGMD/source/generative_networks/JTNN.py:117: SettingWithCopyWarning: 
A value is trying to be set on a copy of a slice from a DataFrame

See the caveats in the documentation: https://pandas.pydata.org/pandas-docs/stable/user_guide/indexing.html#returning-a-view-versus-a-copy
  population['smiles'].iloc[idx] = np.nan
/mnt/projects/RAS-CompChem/static/Mayukh/FNLGMD/source/generative_networks/JTNN.py:118: SettingWithCopyWarning: 
A value is trying to be set on a copy of a slice from a DataFrame

See the caveats in the documentation: https://pandas.pydata.org/pandas-docs/stable/user_guide/indexing.html#returning-a-view-versus-a-copy
  population['fitness'].iloc[idx] = np.nan
/mnt/projects/RAS-CompChem/static/Mayukh/FNLGMD/source/generative_networks/JTNN.py:119: SettingWithCopyWarning: 
A value is trying to be set on a copy of a slice from a DataFrame

See the caveats in the documentation: https://pandas.pydata.org/pandas-docs/stable/user_guide/indexing.html#returning-a-view-versus-a-copy
  population['compound_id'].iloc[idx] = np.nan
/mnt/projects/RAS-CompChem/static/Mayukh/FNLGMD/source/generative_networks/JTNN.py:121: SettingWithCopyWarning: 
A value is trying to be set on a copy of a slice from a DataFrame

See the caveats in the documentation: https://pandas.pydata.org/pandas-docs/stable/user_guide/indexing.html#returning-a-view-versus-a-copy
  population['chromosome'].iloc[idx] = chromosome
/mnt/projects/RAS-CompChem/static/Mayukh/FNLGMD/source/generative_networks/JTNN.py:115: SettingWithCopyWarning: 
A value is trying to be set on a copy of a slice from a DataFrame

See the caveats in the documentation: https://pandas.pydata.org/pandas-docs/stable/user_guide/indexing.html#returning-a-view-versus-a-copy
  population['parent1_id'].iloc[idx] = population['compound_id'].iloc[idx]
/mnt/projects/RAS-CompChem/static/Mayukh/FNLGMD/source/generative_networks/JTNN.py:116: SettingWithCopyWarning: 
A value is trying to be set on a copy of a slice from a DataFrame

See the caveats in the documentation: https://pandas.pydata.org/pandas-docs/stable/user_guide/indexing.html#returning-a-view-versus-a-copy
  population['parent2_id'].iloc[idx] = np.nan
/mnt/projects/RAS-CompChem/static/Mayukh/FNLGMD/source/generative_networks/JTNN.py:117: SettingWithCopyWarning: 
A value is trying to be set on a copy of a slice from a DataFrame

See the caveats in the documentation: https://pandas.pydata.org/pandas-docs/stable/user_guide/indexing.html#returning-a-view-versus-a-copy
  population['smiles'].iloc[idx] = np.nan
/mnt/projects/RAS-CompChem/static/Mayukh/FNLGMD/source/generative_networks/JTNN.py:118: SettingWithCopyWarning: 
A value is trying to be set on a copy of a slice from a DataFrame

See the caveats in the documentation: https://pandas.pydata.org/pandas-docs/stable/user_guide/indexing.html#returning-a-view-versus-a-copy
  population['fitness'].iloc[idx] = np.nan
/mnt/projects/RAS-CompChem/static/Mayukh/FNLGMD/source/generative_networks/JTNN.py:119: SettingWithCopyWarning: 
A value is trying to be set on a copy of a slice from a DataFrame

See the caveats in the documentation: https://pandas.pydata.org/pandas-docs/stable/user_guide/indexing.html#returning-a-view-versus-a-copy
  population['compound_id'].iloc[idx] = np.nan
/mnt/projects/RAS-CompChem/static/Mayukh/FNLGMD/source/generative_networks/JTNN.py:121: SettingWithCopyWarning: 
A value is trying to be set on a copy of a slice from a DataFrame

See the caveats in the documentation: https://pandas.pydata.org/pandas-docs/stable/user_guide/indexing.html#returning-a-view-versus-a-copy
  population['chromosome'].iloc[idx] = chromosome
/mnt/projects/RAS-CompChem/static/Mayukh/FNLGMD/source/generative_networks/JTNN.py:115: SettingWithCopyWarning: 
A value is trying to be set on a copy of a slice from a DataFrame

See the caveats in the documentation: https://pandas.pydata.org/pandas-docs/stable/user_guide/indexing.html#returning-a-view-versus-a-copy
  population['parent1_id'].iloc[idx] = population['compound_id'].iloc[idx]
/mnt/projects/RAS-CompChem/static/Mayukh/FNLGMD/source/generative_networks/JTNN.py:116: SettingWithCopyWarning: 
A value is trying to be set on a copy of a slice from a DataFrame

See the caveats in the documentation: https://pandas.pydata.org/pandas-docs/stable/user_guide/indexing.html#returning-a-view-versus-a-copy
  population['parent2_id'].iloc[idx] = np.nan
/mnt/projects/RAS-CompChem/static/Mayukh/FNLGMD/source/generative_networks/JTNN.py:117: SettingWithCopyWarning: 
A value is trying to be set on a copy of a slice from a DataFrame

See the caveats in the documentation: https://pandas.pydata.org/pandas-docs/stable/user_guide/indexing.html#returning-a-view-versus-a-copy
  population['smiles'].iloc[idx] = np.nan
/mnt/projects/RAS-CompChem/static/Mayukh/FNLGMD/source/generative_networks/JTNN.py:118: SettingWithCopyWarning: 
A value is trying to be set on a copy of a slice from a DataFrame

See the caveats in the documentation: https://pandas.pydata.org/pandas-docs/stable/user_guide/indexing.html#returning-a-view-versus-a-copy
  population['fitness'].iloc[idx] = np.nan
/mnt/projects/RAS-CompChem/static/Mayukh/FNLGMD/source/generative_networks/JTNN.py:119: SettingWithCopyWarning: 
A value is trying to be set on a copy of a slice from a DataFrame

See the caveats in the documentation: https://pandas.pydata.org/pandas-docs/stable/user_guide/indexing.html#returning-a-view-versus-a-copy
  population['compound_id'].iloc[idx] = np.nan
/mnt/projects/RAS-CompChem/static/Mayukh/FNLGMD/source/generative_networks/JTNN.py:121: SettingWithCopyWarning: 
A value is trying to be set on a copy of a slice from a DataFrame

See the caveats in the documentation: https://pandas.pydata.org/pandas-docs/stable/user_guide/indexing.html#returning-a-view-versus-a-copy
  population['chromosome'].iloc[idx] = chromosome
/mnt/projects/RAS-CompChem/static/Mayukh/FNLGMD/source/generative_networks/JTNN.py:121: SettingWithCopyWarning: 
A value is trying to be set on a copy of a slice from a DataFrame

See the caveats in the documentation: https://pandas.pydata.org/pandas-docs/stable/user_guide/indexing.html#returning-a-view-versus-a-copy
  population['chromosome'].iloc[idx] = chromosome
/mnt/projects/RAS-CompChem/static/Mayukh/FNLGMD/source/generative_networks/JTNN.py:121: SettingWithCopyWarning: 
A value is trying to be set on a copy of a slice from a DataFrame

See the caveats in the documentation: https://pandas.pydata.org/pandas-docs/stable/user_guide/indexing.html#returning-a-view-versus-a-copy
  population['chromosome'].iloc[idx] = chromosome
/mnt/projects/RAS-CompChem/static/Mayukh/FNLGMD/source/generative_networks/JTNN.py:121: SettingWithCopyWarning: 
A value is trying to be set on a copy of a slice from a DataFrame

See the caveats in the documentation: https://pandas.pydata.org/pandas-docs/stable/user_guide/indexing.html#returning-a-view-versus-a-copy
  population['chromosome'].iloc[idx] = chromosome
/mnt/projects/RAS-CompChem/static/Mayukh/FNLGMD/source/generative_networks/JTNN.py:121: SettingWithCopyWarning: 
A value is trying to be set on a copy of a slice from a DataFrame

See the caveats in the documentation: https://pandas.pydata.org/pandas-docs/stable/user_guide/indexing.html#returning-a-view-versus-a-copy
  population['chromosome'].iloc[idx] = chromosome
/mnt/projects/RAS-CompChem/static/Mayukh/FNLGMD/source/generative_networks/JTNN.py:121: SettingWithCopyWarning: 
A value is trying to be set on a copy of a slice from a DataFrame

See the caveats in the documentation: https://pandas.pydata.org/pandas-docs/stable/user_guide/indexing.html#returning-a-view-versus-a-copy
  population['chromosome'].iloc[idx] = chromosome
/mnt/projects/RAS-CompChem/static/Mayukh/FNLGMD/source/generative_networks/JTNN.py:121: SettingWithCopyWarning: 
A value is trying to be set on a copy of a slice from a DataFrame

See the caveats in the documentation: https://pandas.pydata.org/pandas-docs/stable/user_guide/indexing.html#returning-a-view-versus-a-copy
  population['chromosome'].iloc[idx] = chromosome
/mnt/projects/RAS-CompChem/static/Mayukh/FNLGMD/source/generative_networks/JTNN.py:121: SettingWithCopyWarning: 
A value is trying to be set on a copy of a slice from a DataFrame

See the caveats in the documentation: https://pandas.pydata.org/pandas-docs/stable/user_guide/indexing.html#returning-a-view-versus-a-copy
  population['chromosome'].iloc[idx] = chromosome
/mnt/projects/RAS-CompChem/static/Mayukh/FNLGMD/source/generative_networks/JTNN.py:121: SettingWithCopyWarning: 
A value is trying to be set on a copy of a slice from a DataFrame

See the caveats in the documentation: https://pandas.pydata.org/pandas-docs/stable/user_guide/indexing.html#returning-a-view-versus-a-copy
  population['chromosome'].iloc[idx] = chromosome
/mnt/projects/RAS-CompChem/static/Mayukh/FNLGMD/source/generative_networks/JTNN.py:121: SettingWithCopyWarning: 
A value is trying to be set on a copy of a slice from a DataFrame

See the caveats in the documentation: https://pandas.pydata.org/pandas-docs/stable/user_guide/indexing.html#returning-a-view-versus-a-copy
  population['chromosome'].iloc[idx] = chromosome
/mnt/projects/RAS-CompChem/static/Mayukh/FNLGMD/source/generative_networks/JTNN.py:121: SettingWithCopyWarning: 
A value is trying to be set on a copy of a slice from a DataFrame

See the caveats in the documentation: https://pandas.pydata.org/pandas-docs/stable/user_guide/indexing.html#returning-a-view-versus-a-copy
  population['chromosome'].iloc[idx] = chromosome
/mnt/projects/RAS-CompChem/static/Mayukh/FNLGMD/source/generative_networks/JTNN.py:121: SettingWithCopyWarning: 
A value is trying to be set on a copy of a slice from a DataFrame

See the caveats in the documentation: https://pandas.pydata.org/pandas-docs/stable/user_guide/indexing.html#returning-a-view-versus-a-copy
  population['chromosome'].iloc[idx] = chromosome
Decoding took  6.495015621185303  seconds
epoch #1
Optimizing
Population_size after selection  49
Crossover beginning population size:  49
Number of children:  35  length of total population:  84
Decoding  84  molecules
Decoding took  10.937943696975708  seconds
epoch #2
Optimizing
Population_size after selection  58
Crossover beginning population size:  58
Number of children:  35  length of total population:  93
Decoding  93  molecules
Decoding took  19.45203399658203  seconds
epoch #3
Optimizing
Population_size after selection  65
Crossover beginning population size:  65
Number of children:  35  length of total population:  100
Decoding  100  molecules
Decoding took  18.61383581161499  seconds
epoch #4
Optimizing
Population_size after selection  70
Crossover beginning population size:  70
Number of children:  35  length of total population:  105
Decoding  105  molecules
Decoding took  43.73400545120239  seconds
     compound_id  ... parent2_id
0             30  ...        NaN
1             34  ...        NaN
2             26  ...        NaN
3             46  ...        NaN
4             24  ...        NaN
..           ...  ...        ...
100          399  ...      176.0
101          400  ...      198.0
102          401  ...      263.0
103          402  ...       24.0
104          403  ...      247.0

[452 rows x 7 columns]
After
